<?xml version="1.0" encoding="UTF-8"?>
<testsuites name="Workilife" time="31" tests="1" failures="0" errors="0">
   <testsuite name="Workilife" tests="1" failures="0" errors="0" time="31" timestamp="2019-09-18 16:37:58" hostname="Suraj Kumar - PUN-IT000636" id="Test Suites/Workilife">
      <properties>
         <property name="deviceName" value=""/>
         <property name="devicePlatform" value=""/>
         <property name="logFolder" value="C:\\Users\\Suraj Kumar\\git\\katalonGitTest1\\Reports\\Workilife\\20190918_163740"/>
         <property name="logFiles" value="C:\\Users\\Suraj Kumar\\git\\katalonGitTest1\\Reports\\Workilife\\20190918_163740\\execution0.log"/>
         <property name="attachments" value=""/>
         <property name="hostName" value="Suraj Kumar - PUN-IT000636"/>
         <property name="os" value="Windows 10 64bit"/>
         <property name="katalonVersion" value="6.1.3.3"/>
         <property name="browser" value="Firefox 69.0"/>
         <property name="hostAddress" value="192.168.0.136"/>
         <property name="sessionId" value="a7db11b3-26d5-4fa4-8020-b653f67642ec"/>
         <property name="seleniumVersion" value="3.7.1"/>
         <property name="proxyInformation" value="ProxyInformation{proxyOption=NO_PROXY, proxyServerType=HTTP, password=, proxyServerAddress=, proxyServerPort=0}"/>
         <property name="platform" value="Windows 10"/>
      </properties>
      <testcase name="Test Cases/Signin" classname="Test Cases/Signin" status="PASSED">
         <system-out><![CDATA[2019-09-18 16:37:59 - [TEST_CASE][PASSED] - Test Cases/Signin: Test Cases/Signin

2019-09-18 16:37:59 - [TEST_STEP][PASSED] - Start setup action : setupTestCase: Method 'setupTestCase' complete successfully

2019-09-18 16:37:59 - [MESSAGE][PASSED] - Method 'setupTestCase' complete successfully

2019-09-18 16:38:00 - [TEST_STEP][PASSED] - openBrowser(""): Browser is opened with url: ''

2019-09-18 16:38:01 - [MESSAGE][INFO] - Starting 'Firefox' driver

2019-09-18 16:38:01 - [MESSAGE][INFO] - Action delay is set to 0 seconds

2019-09-18 16:38:13 - [MESSAGE][PASSED] - Browser is opened with url: ''

2019-09-18 16:38:13 - [TEST_STEP][PASSED] - navigateToUrl("https://qa.thework.life/"): Navigate to 'https://qa.thework.life/' successfully

2019-09-18 16:38:20 - [MESSAGE][PASSED] - Navigate to 'https://qa.thework.life/' successfully

2019-09-18 16:38:20 - [TEST_STEP][PASSED] - setText(findTestObject("Object Repository/Page_theworklife - Find Great People To Work With/input_Forgot password_username"), "surajkumarsrivastava1991@gmail.com"): Text 'surajkumarsrivastava1991@gmail.com' is set on object 'Object Repository/Page_theworklife - Find Great People To Work With/input_Forgot password_username'

2019-09-18 16:38:20 - [MESSAGE][PASSED] - Text 'surajkumarsrivastava1991@gmail.com' is set on object 'Object Repository/Page_theworklife - Find Great People To Work With/input_Forgot password_username'

2019-09-18 16:38:20 - [TEST_STEP][PASSED] - setEncryptedText(findTestObject("Object Repository/Page_theworklife - Find Great People To Work With/input_Forgot password_password"), "nzEsFCGA/BtMPXLkTTMM4w=="): Text ****** has been set on object 'Object Repository/Page_theworklife - Find Great People To Work With/input_Forgot password_password'

2019-09-18 16:38:21 - [MESSAGE][PASSED] - Text ****** has been set on object 'Object Repository/Page_theworklife - Find Great People To Work With/input_Forgot password_password'

2019-09-18 16:38:21 - [TEST_STEP][PASSED] - click(findTestObject("Object Repository/Page_theworklife - Find Great People To Work With/button_Sign in")): Object: 'Object Repository/Page_theworklife - Find Great People To Work With/button_Sign in' is clicked on

2019-09-18 16:38:24 - [MESSAGE][PASSED] - Object: 'Object Repository/Page_theworklife - Find Great People To Work With/button_Sign in' is clicked on

2019-09-18 16:38:24 - [TEST_STEP][PASSED] - click(findTestObject("Object Repository/Page_Home/i_Settings_fa fa-gear")): Object: 'Object Repository/Page_Home/i_Settings_fa fa-gear' is clicked on

2019-09-18 16:38:25 - [MESSAGE][PASSED] - Object: 'Object Repository/Page_Home/i_Settings_fa fa-gear' is clicked on

2019-09-18 16:38:25 - [TEST_STEP][PASSED] - click(findTestObject("Object Repository/Page_Home/a_Logout")): Object: 'Object Repository/Page_Home/a_Logout' is clicked on

2019-09-18 16:38:27 - [MESSAGE][PASSED] - Object: 'Object Repository/Page_Home/a_Logout' is clicked on

2019-09-18 16:38:27 - [TEST_STEP][PASSED] - closeBrowser(): Browser is closed

2019-09-18 16:38:29 - [MESSAGE][PASSED] - Browser is closed

2019-09-18 16:38:29 - [TEST_STEP][PASSED] - Start tear down : tearDownTestCase: Method 'tearDownTestCase' complete successfully

2019-09-18 16:38:29 - [MESSAGE][PASSED] - Method 'tearDownTestCase' complete successfully]]></system-out>
         <system-err><![CDATA[]]></system-err>
      </testcase>
      <system-out><![CDATA[2019-09-18 16:37:58 - [TEST_SUITE][PASSED] - Workilife: Test Cases/Signin]]></system-out>
      <system-err><![CDATA[]]></system-err>
   </testsuite>
</testsuites>
